Determining if the pthread_create exist failed with the following output:
Change Dir: /home/dqn/drone_formation/build/CMakeFiles/CMakeTmp

Run Build Command:"/usr/bin/make" "cmTC_ff5af/fast"
/usr/bin/make -f CMakeFiles/cmTC_ff5af.dir/build.make CMakeFiles/cmTC_ff5af.dir/build
make[1]: Entering directory '/home/dqn/drone_formation/build/CMakeFiles/CMakeTmp'
Building C object CMakeFiles/cmTC_ff5af.dir/CheckSymbolExists.c.o
/usr/bin/cc     -o CMakeFiles/cmTC_ff5af.dir/CheckSymbolExists.c.o   -c /home/dqn/drone_formation/build/CMakeFiles/CMakeTmp/CheckSymbolExists.c
Linking C executable cmTC_ff5af
/usr/bin/cmake -E cmake_link_script CMakeFiles/cmTC_ff5af.dir/link.txt --verbose=1
/usr/bin/cc       CMakeFiles/cmTC_ff5af.dir/CheckSymbolExists.c.o  -o cmTC_ff5af -rdynamic 
CMakeFiles/cmTC_ff5af.dir/CheckSymbolExists.c.o：在函数‘main’中：
CheckSymbolExists.c:(.text+0x16)：对‘pthread_create’未定义的引用
collect2: error: ld returned 1 exit status
CMakeFiles/cmTC_ff5af.dir/build.make:97: recipe for target 'cmTC_ff5af' failed
make[1]: *** [cmTC_ff5af] Error 1
make[1]: Leaving directory '/home/dqn/drone_formation/build/CMakeFiles/CMakeTmp'
Makefile:126: recipe for target 'cmTC_ff5af/fast' failed
make: *** [cmTC_ff5af/fast] Error 2

File /home/dqn/drone_formation/build/CMakeFiles/CMakeTmp/CheckSymbolExists.c:
/* */
#include <pthread.h>

int main(int argc, char** argv)
{
  (void)argv;
#ifndef pthread_create
  return ((int*)(&pthread_create))[argc];
#else
  (void)argc;
  return 0;
#endif
}

Determining if the function pthread_create exists in the pthreads failed with the following output:
Change Dir: /home/dqn/drone_formation/build/CMakeFiles/CMakeTmp

Run Build Command:"/usr/bin/make" "cmTC_59a73/fast"
/usr/bin/make -f CMakeFiles/cmTC_59a73.dir/build.make CMakeFiles/cmTC_59a73.dir/build
make[1]: Entering directory '/home/dqn/drone_formation/build/CMakeFiles/CMakeTmp'
Building C object CMakeFiles/cmTC_59a73.dir/CheckFunctionExists.c.o
/usr/bin/cc    -DCHECK_FUNCTION_EXISTS=pthread_create   -o CMakeFiles/cmTC_59a73.dir/CheckFunctionExists.c.o   -c /usr/share/cmake-3.5/Modules/CheckFunctionExists.c
Linking C executable cmTC_59a73
/usr/bin/cmake -E cmake_link_script CMakeFiles/cmTC_59a73.dir/link.txt --verbose=1
/usr/bin/cc   -DCHECK_FUNCTION_EXISTS=pthread_create    CMakeFiles/cmTC_59a73.dir/CheckFunctionExists.c.o  -o cmTC_59a73 -rdynamic -lpthreads 
/usr/bin/ld: 找不到 -lpthreads
collect2: error: ld returned 1 exit status
CMakeFiles/cmTC_59a73.dir/build.make:97: recipe for target 'cmTC_59a73' failed
make[1]: *** [cmTC_59a73] Error 1
make[1]: Leaving directory '/home/dqn/drone_formation/build/CMakeFiles/CMakeTmp'
Makefile:126: recipe for target 'cmTC_59a73/fast' failed
make: *** [cmTC_59a73/fast] Error 2


